<?xml version="1.0" encoding="UTF-8"?>
<!-- Generated by org.testng.reporters.JUnitReportReporter -->
<testsuite hostname="HARSHA" failures="0" tests="1" name="Drivenfactory.DriverScript" time="18.315" errors="0" timestamp="2024-07-17T09:29:58 IST" skipped="0">
  <testcase classname="Drivenfactory.DriverScript" name="starttest" time="18.315"/>
  <system-out>
    <![CDATA[no of rows are::6
Validate Username and Password::dashboard--------http://webapp.qedgetech.com/dashboard.php
Incorrect user ID or password--------dashboard-------http://webapp.qedgetech.com/login.php
Validate Username and Password::dashboard--------http://webapp.qedgetech.com/dashboard.php
Incorrect user ID or password--------dashboard-------http://webapp.qedgetech.com/login.php
Validate Username and Password::dashboard--------http://webapp.qedgetech.com/dashboard.php
Incorrect user ID or password--------dashboard-------http://webapp.qedgetech.com/login.php]]>
  </system-out>
</testsuite> <!-- Drivenfactory.DriverScript -->
