<?xml version="1.0" encoding="UTF-8"?>
<!-- Generated by org.testng.reporters.JUnitReportReporter -->
<testsuite hostname="HARSHA" failures="0" tests="1" name="Drivenfactory.TestScript" time="74.810" errors="0" timestamp="2024-07-17T16:51:51 IST" skipped="0">
  <testcase classname="Drivenfactory.TestScript" name="startTest" time="74.810"/>
  <system-out>
    <![CDATA[No of rows are::10
Customer-00000008618---------------Customer-00000008618
Customer-00000008619---------------Customer-00000008619
Customer-00000008620---------------Customer-00000008620
Customer-00000008621---------------Customer-00000008621
Customer-00000008622---------------Customer-00000008622
Customer-00000008623---------------Customer-00000008623
Customer-00000008625---------------Customer-00000008625
Customer-00000008626---------------Customer-00000008626
Customer-00000008627---------------Customer-00000008627
Customer-00000008629---------------Customer-00000008629]]>
  </system-out>
</testsuite> <!-- Drivenfactory.TestScript -->
